<?xml version="1.0" encoding="UTF-8"?>
<!-- Generated by org.testng.reporters.JUnitXMLReporter -->
<testsuite ignored="10" hostname="DESKTOP-NDR2GDP" failures="0" tests="52" name="ReqRes API Test" time="5.078" errors="0" timestamp="2022-12-20T14:10:37 CET">
  <testcase classname="testCases.getTests.HTTP_GET_ListOfUsers_Tests" name="validateResponseHeaders" time="0.004"/>
  <testcase classname="testCases.getTests.HTTP_GET_ListOfUsers_Tests" name="validateResponseTime" time="0.002"/>
  <testcase classname="testCases.getTests.HTTP_GET_ListOfUsers_Tests" name="validateStatusCode" time="0.001"/>
  <testcase classname="testCases.getTests.HTTP_GET_ListOfUsers_Tests" name="validateStatusLine" time="0.001"/>
  <testcase classname="testCases.getTests.HTTP_GET_SingleUser_Tests" name="validateResponseBody" time="0.866"/>
  <testcase classname="testCases.getTests.HTTP_GET_SingleUser_Tests" name="validateResponseHeaders" time="0.001"/>
  <testcase classname="testCases.getTests.HTTP_GET_SingleUser_Tests" name="validateResponseTime" time="0.001"/>
  <testcase classname="testCases.getTests.HTTP_GET_SingleUser_Tests" name="validateStatusCode" time="0.001"/>
  <testcase classname="testCases.getTests.HTTP_GET_SingleUser_Tests" name="validateStatusLine" time="0.0"/>
  <testcase classname="testCases.getTests.HTTP_GET_SingleUserNotFound_Tests" name="validateResponseHeaders" time="0.001"/>
  <testcase classname="testCases.getTests.HTTP_GET_SingleUserNotFound_Tests" name="validateResponseTime" time="0.0"/>
  <testcase classname="testCases.getTests.HTTP_GET_SingleUserNotFound_Tests" name="validateStatusCode" time="0.0"/>
  <testcase classname="testCases.getTests.HTTP_GET_SingleUserNotFound_Tests" name="validateStatusLine" time="0.0"/>
  <testcase classname="testCases.postTests.HTTP_POST_CreateNewUser_Tests" name="validateResponseBody" time="0.041"/>
  <testcase classname="testCases.postTests.HTTP_POST_CreateNewUser_Tests" name="validateResponseHeaders" time="0.001"/>
  <testcase classname="testCases.postTests.HTTP_POST_CreateNewUser_Tests" name="validateResponseTime" time="0.0"/>
  <testcase classname="testCases.postTests.HTTP_POST_CreateNewUser_Tests" name="validateStatusCode" time="0.0"/>
  <testcase classname="testCases.postTests.HTTP_POST_CreateNewUser_Tests" name="validateStatusLine" time="0.001"/>
  <testcase classname="testCases.putTests.HTTP_PUT_UpdateUser_Tests" name="validateResponseBody" time="0.045"/>
  <testcase classname="testCases.putTests.HTTP_PUT_UpdateUser_Tests" name="validateResponseHeaders" time="0.001"/>
  <testcase classname="testCases.putTests.HTTP_PUT_UpdateUser_Tests" name="validateResponseTime" time="0.0"/>
  <testcase classname="testCases.putTests.HTTP_PUT_UpdateUser_Tests" name="validateStatusCode" time="0.001"/>
  <testcase classname="testCases.putTests.HTTP_PUT_UpdateUser_Tests" name="validateStatusLine" time="0.001"/>
  <testcase classname="testCases.patchTests.HTTP_PATCH_UpdateUserPartial_Tests" name="validateResponseBody" time="0.011"/>
  <testcase classname="testCases.patchTests.HTTP_PATCH_UpdateUserPartial_Tests" name="validateResponseHeaders" time="0.001"/>
  <testcase classname="testCases.patchTests.HTTP_PATCH_UpdateUserPartial_Tests" name="validateResponseTime" time="0.001"/>
  <testcase classname="testCases.patchTests.HTTP_PATCH_UpdateUserPartial_Tests" name="validateStatusCode" time="0.001"/>
  <testcase classname="testCases.patchTests.HTTP_PATCH_UpdateUserPartial_Tests" name="validateStatusLine" time="0.001"/>
  <testcase classname="testCases.deleteTests.HTTP_DELETE_RemoveUser_Tests" name="validateResponseHeaders" time="0.001"/>
  <testcase classname="testCases.deleteTests.HTTP_DELETE_RemoveUser_Tests" name="validateResponseTime" time="0.0"/>
  <testcase classname="testCases.deleteTests.HTTP_DELETE_RemoveUser_Tests" name="validateStatusCode" time="0.001"/>
  <testcase classname="testCases.deleteTests.HTTP_DELETE_RemoveUser_Tests" name="validateStatusLine" time="0.0"/>
  <testcase classname="testCases.postTests.HTTP_POST_RegisterSuccessful_Tests" name="validateResponseBody" time="0.001"/>
  <testcase classname="testCases.postTests.HTTP_POST_RegisterSuccessful_Tests" name="validateResponseHeaders" time="0.001"/>
  <testcase classname="testCases.postTests.HTTP_POST_RegisterSuccessful_Tests" name="validateResponseTime" time="0.0"/>
  <testcase classname="testCases.postTests.HTTP_POST_RegisterSuccessful_Tests" name="validateStatusCode" time="0.0"/>
  <testcase classname="testCases.postTests.HTTP_POST_RegisterSuccessful_Tests" name="validateStatusLine" time="0.0"/>
  <testcase classname="testCases.postTests.HTTP_POST_RegisterUnsuccessful_Tests" name="validateResponseBody" time="0.014"/>
  <testcase classname="testCases.postTests.HTTP_POST_RegisterUnsuccessful_Tests" name="validateResponseHeaders" time="0.002"/>
  <testcase classname="testCases.postTests.HTTP_POST_RegisterUnsuccessful_Tests" name="validateResponseTime" time="0.001"/>
  <testcase classname="testCases.postTests.HTTP_POST_RegisterUnsuccessful_Tests" name="validateStatusCode" time="0.001"/>
  <testcase classname="testCases.postTests.HTTP_POST_RegisterUnsuccessful_Tests" name="validateStatusLine" time="0.001"/>
  <testcase classname="testCases.postTests.HTTP_POST_LoginSuccessful_Tests" name="validateResponseBody" time="0.0"/>
  <testcase classname="testCases.postTests.HTTP_POST_LoginSuccessful_Tests" name="validateResponseHeaders" time="0.0"/>
  <testcase classname="testCases.postTests.HTTP_POST_LoginSuccessful_Tests" name="validateResponseTime" time="0.001"/>
  <testcase classname="testCases.postTests.HTTP_POST_LoginSuccessful_Tests" name="validateStatusCode" time="0.001"/>
  <testcase classname="testCases.postTests.HTTP_POST_LoginSuccessful_Tests" name="validateStatusLine" time="0.0"/>
  <testcase classname="testCases.postTests.HTTP_POST_LoginUnsuccessful_Tests" name="validateResponseBody" time="0.028"/>
  <testcase classname="testCases.postTests.HTTP_POST_LoginUnsuccessful_Tests" name="validateResponseHeaders" time="0.003"/>
  <testcase classname="testCases.postTests.HTTP_POST_LoginUnsuccessful_Tests" name="validateResponseTime" time="0.001"/>
  <testcase classname="testCases.postTests.HTTP_POST_LoginUnsuccessful_Tests" name="validateStatusCode" time="0.001"/>
  <testcase classname="testCases.postTests.HTTP_POST_LoginUnsuccessful_Tests" name="validateStatusLine" time="0.0"/>
  <testcase classname="base.Base" name="@BeforeSuite setup" time="0.0">
    <ignored/>
  </testcase> <!-- @BeforeSuite setup -->
  <testcase classname="base.Base" name="@BeforeSuite setup" time="0.0">
    <ignored/>
  </testcase> <!-- @BeforeSuite setup -->
  <testcase classname="base.Base" name="@BeforeSuite setup" time="0.0">
    <ignored/>
  </testcase> <!-- @BeforeSuite setup -->
  <testcase classname="base.Base" name="@BeforeSuite setup" time="0.0">
    <ignored/>
  </testcase> <!-- @BeforeSuite setup -->
  <testcase classname="base.Base" name="@BeforeSuite setup" time="0.0">
    <ignored/>
  </testcase> <!-- @BeforeSuite setup -->
  <testcase classname="base.Base" name="@BeforeSuite setup" time="0.0">
    <ignored/>
  </testcase> <!-- @BeforeSuite setup -->
  <testcase classname="base.Base" name="@BeforeSuite setup" time="0.0">
    <ignored/>
  </testcase> <!-- @BeforeSuite setup -->
  <testcase classname="base.Base" name="@BeforeSuite setup" time="0.0">
    <ignored/>
  </testcase> <!-- @BeforeSuite setup -->
  <testcase classname="base.Base" name="@BeforeSuite setup" time="0.0">
    <ignored/>
  </testcase> <!-- @BeforeSuite setup -->
  <testcase classname="base.Base" name="@BeforeSuite setup" time="0.0">
    <ignored/>
  </testcase> <!-- @BeforeSuite setup -->
</testsuite> <!-- ReqRes API Test -->
