<?xml version="1.0" encoding="UTF-8"?>
<testsuite xmlns:xsi="http://www.w3.org/2001/XMLSchema-instance" xsi:noNamespaceSchemaLocation="https://maven.apache.org/surefire/maven-surefire-plugin/xsd/surefire-test-report.xsd" name="TestSuite" time="6.89" tests="52" errors="0" skipped="0" failures="0">
  <properties>
[...]
</properties>
  <testcase name="validateResponseHeaders" classname="testCases.getTests.HTTP_GET_ListOfUsers_Tests" time="0.005"/>
  <testcase name="validateResponseTime" classname="testCases.getTests.HTTP_GET_ListOfUsers_Tests" time="0"/>
  <testcase name="validateStatusCode" classname="testCases.getTests.HTTP_GET_ListOfUsers_Tests" time="0"/>
  <testcase name="validateStatusLine" classname="testCases.getTests.HTTP_GET_ListOfUsers_Tests" time="0"/>
  <testcase name="validateResponseBody" classname="testCases.getTests.HTTP_GET_SingleUser_Tests" time="0.883"/>
  <testcase name="validateResponseHeaders" classname="testCases.getTests.HTTP_GET_SingleUser_Tests" time="0"/>
  <testcase name="validateResponseTime" classname="testCases.getTests.HTTP_GET_SingleUser_Tests" time="0.001"/>
  <testcase name="validateStatusCode" classname="testCases.getTests.HTTP_GET_SingleUser_Tests" time="0"/>
  <testcase name="validateStatusLine" classname="testCases.getTests.HTTP_GET_SingleUser_Tests" time="0"/>
  <testcase name="validateResponseHeaders" classname="testCases.getTests.HTTP_GET_SingleUserNotFound_Tests" time="0"/>
  <testcase name="validateResponseTime" classname="testCases.getTests.HTTP_GET_SingleUserNotFound_Tests" time="0"/>
  <testcase name="validateStatusCode" classname="testCases.getTests.HTTP_GET_SingleUserNotFound_Tests" time="0"/>
  <testcase name="validateStatusLine" classname="testCases.getTests.HTTP_GET_SingleUserNotFound_Tests" time="0.001"/>
  <testcase name="validateResponseBody" classname="testCases.postTests.HTTP_POST_CreateNewUser_Tests" time="0.036"/>
  <testcase name="validateResponseHeaders" classname="testCases.postTests.HTTP_POST_CreateNewUser_Tests" time="0"/>
  <testcase name="validateResponseTime" classname="testCases.postTests.HTTP_POST_CreateNewUser_Tests" time="0"/>
  <testcase name="validateStatusCode" classname="testCases.postTests.HTTP_POST_CreateNewUser_Tests" time="0.001"/>
  <testcase name="validateStatusLine" classname="testCases.postTests.HTTP_POST_CreateNewUser_Tests" time="0"/>
  <testcase name="validateResponseBody" classname="testCases.putTests.HTTP_PUT_UpdateUser_Tests" time="0.053"/>
  <testcase name="validateResponseHeaders" classname="testCases.putTests.HTTP_PUT_UpdateUser_Tests" time="0"/>
  <testcase name="validateResponseTime" classname="testCases.putTests.HTTP_PUT_UpdateUser_Tests" time="0"/>
  <testcase name="validateStatusCode" classname="testCases.putTests.HTTP_PUT_UpdateUser_Tests" time="0"/>
  <testcase name="validateStatusLine" classname="testCases.putTests.HTTP_PUT_UpdateUser_Tests" time="0.001"/>
  <testcase name="validateResponseBody" classname="testCases.patchTests.HTTP_PATCH_UpdateUserPartial_Tests" time="0.01"/>
  <testcase name="validateResponseHeaders" classname="testCases.patchTests.HTTP_PATCH_UpdateUserPartial_Tests" time="0"/>
  <testcase name="validateResponseTime" classname="testCases.patchTests.HTTP_PATCH_UpdateUserPartial_Tests" time="0"/>
  <testcase name="validateStatusCode" classname="testCases.patchTests.HTTP_PATCH_UpdateUserPartial_Tests" time="0.001"/>
  <testcase name="validateStatusLine" classname="testCases.patchTests.HTTP_PATCH_UpdateUserPartial_Tests" time="0"/>
  <testcase name="validateResponseHeaders" classname="testCases.deleteTests.HTTP_DELETE_RemoveUser_Tests" time="0"/>
  <testcase name="validateResponseTime" classname="testCases.deleteTests.HTTP_DELETE_RemoveUser_Tests" time="0"/>
  <testcase name="validateStatusCode" classname="testCases.deleteTests.HTTP_DELETE_RemoveUser_Tests" time="0"/>
  <testcase name="validateStatusLine" classname="testCases.deleteTests.HTTP_DELETE_RemoveUser_Tests" time="0"/>
  <testcase name="validateResponseBody" classname="testCases.postTests.HTTP_POST_RegisterSuccessful_Tests" time="0"/>
  <testcase name="validateResponseHeaders" classname="testCases.postTests.HTTP_POST_RegisterSuccessful_Tests" time="0"/>
  <testcase name="validateResponseTime" classname="testCases.postTests.HTTP_POST_RegisterSuccessful_Tests" time="0"/>
  <testcase name="validateStatusCode" classname="testCases.postTests.HTTP_POST_RegisterSuccessful_Tests" time="0.001"/>
  <testcase name="validateStatusLine" classname="testCases.postTests.HTTP_POST_RegisterSuccessful_Tests" time="0.001"/>
  <testcase name="validateResponseBody" classname="testCases.postTests.HTTP_POST_RegisterUnsuccessful_Tests" time="0.025"/>
  <testcase name="validateResponseHeaders" classname="testCases.postTests.HTTP_POST_RegisterUnsuccessful_Tests" time="0.001"/>
  <testcase name="validateResponseTime" classname="testCases.postTests.HTTP_POST_RegisterUnsuccessful_Tests" time="0"/>
  <testcase name="validateStatusCode" classname="testCases.postTests.HTTP_POST_RegisterUnsuccessful_Tests" time="0"/>
  <testcase name="validateStatusLine" classname="testCases.postTests.HTTP_POST_RegisterUnsuccessful_Tests" time="0.001"/>
  <testcase name="validateResponseBody" classname="testCases.postTests.HTTP_POST_LoginSuccessful_Tests" time="0"/>
  <testcase name="validateResponseHeaders" classname="testCases.postTests.HTTP_POST_LoginSuccessful_Tests" time="0.001"/>
  <testcase name="validateResponseTime" classname="testCases.postTests.HTTP_POST_LoginSuccessful_Tests" time="0"/>
  <testcase name="validateStatusCode" classname="testCases.postTests.HTTP_POST_LoginSuccessful_Tests" time="0"/>
  <testcase name="validateStatusLine" classname="testCases.postTests.HTTP_POST_LoginSuccessful_Tests" time="0"/>
  <testcase name="validateResponseBody" classname="testCases.postTests.HTTP_POST_LoginUnsuccessful_Tests" time="0.024"/>
  <testcase name="validateResponseHeaders" classname="testCases.postTests.HTTP_POST_LoginUnsuccessful_Tests" time="0.001"/>
  <testcase name="validateResponseTime" classname="testCases.postTests.HTTP_POST_LoginUnsuccessful_Tests" time="0.001"/>
  <testcase name="validateStatusCode" classname="testCases.postTests.HTTP_POST_LoginUnsuccessful_Tests" time="0"/>
  <testcase name="validateStatusLine" classname="testCases.postTests.HTTP_POST_LoginUnsuccessful_Tests" time="0"/>
</testsuite>